0 info it worked if it ends with ok
1 verbose cli [ 'node', '/usr/local/bin/npm', 'install', '-g', 'karma' ]
2 info using npm@1.3.24
3 info using node@v0.10.25
4 verbose cache add [ 'karma', null ]
5 verbose cache add name=undefined spec="karma" args=["karma",null]
6 verbose parsed url { protocol: null,
6 verbose parsed url   slashes: null,
6 verbose parsed url   auth: null,
6 verbose parsed url   host: null,
6 verbose parsed url   port: null,
6 verbose parsed url   hostname: null,
6 verbose parsed url   hash: null,
6 verbose parsed url   search: null,
6 verbose parsed url   query: null,
6 verbose parsed url   pathname: 'karma',
6 verbose parsed url   path: 'karma',
6 verbose parsed url   href: 'karma' }
7 silly lockFile 512423cb-karma karma
8 verbose lock karma /Users/patrickellis/.npm/512423cb-karma.lock
9 silly lockFile 512423cb-karma karma
10 silly lockFile 512423cb-karma karma
11 verbose addNamed [ 'karma', '' ]
12 verbose addNamed [ null, '*' ]
13 silly lockFile cd7961bb-karma karma@
14 verbose lock karma@ /Users/patrickellis/.npm/cd7961bb-karma.lock
15 silly addNameRange { name: 'karma', range: '*', hasData: false }
16 verbose url raw karma
17 verbose url resolving [ 'https://registry.npmjs.org/', './karma' ]
18 verbose url resolved https://registry.npmjs.org/karma
19 info trying registry request attempt 1 at 16:55:27
20 verbose etag "2LRDGDHX795ZJ2KTOQFZ80UHD"
21 http GET https://registry.npmjs.org/karma
22 http 304 https://registry.npmjs.org/karma
23 silly registry.get cb [ 304,
23 silly registry.get   { date: 'Sun, 04 May 2014 23:55:28 GMT',
23 silly registry.get     server: 'Apache',
23 silly registry.get     via: '1.1 varnish',
23 silly registry.get     'last-modified': 'Sun, 04 May 2014 23:55:28 GMT',
23 silly registry.get     'cache-control': 'max-age=1',
23 silly registry.get     etag: '"2LRDGDHX795ZJ2KTOQFZ80UHD"',
23 silly registry.get     'x-served-by': 'cache-lax1425-LAX',
23 silly registry.get     'x-cache': 'HIT',
23 silly registry.get     'x-cache-hits': '1',
23 silly registry.get     'x-timer': 'S1399247728.215861320,VS0,VE169',
23 silly registry.get     vary: 'Accept',
23 silly registry.get     'content-length': '0',
23 silly registry.get     'keep-alive': 'timeout=10, max=50',
23 silly registry.get     connection: 'Keep-Alive' } ]
24 verbose etag karma from cache
25 silly addNameRange number 2 { name: 'karma', range: '*', hasData: true }
26 silly addNameRange versions [ 'karma',
26 silly addNameRange   [ '0.8.0',
26 silly addNameRange     '0.9.0-dart',
26 silly addNameRange     '0.8.1',
26 silly addNameRange     '0.8.2',
26 silly addNameRange     '0.8.3',
26 silly addNameRange     '0.9.0',
26 silly addNameRange     '0.8.4',
26 silly addNameRange     '0.9.1',
26 silly addNameRange     '0.8.5',
26 silly addNameRange     '0.9.2',
26 silly addNameRange     '0.9.2-dart',
26 silly addNameRange     '0.9.3',
26 silly addNameRange     '0.8.6',
26 silly addNameRange     '0.9.4',
26 silly addNameRange     '0.8.7',
26 silly addNameRange     '0.9.5',
26 silly addNameRange     '0.9.6',
26 silly addNameRange     '0.8.8',
26 silly addNameRange     '0.9.7',
26 silly addNameRange     '0.9.8',
26 silly addNameRange     '0.10.0',
26 silly addNameRange     '0.10.1',
26 silly addNameRange     '0.10.2',
26 silly addNameRange     '0.11.0',
26 silly addNameRange     '0.11.1',
26 silly addNameRange     '0.10.3',
26 silly addNameRange     '0.10.4',
26 silly addNameRange     '0.11.2',
26 silly addNameRange     '0.11.3',
26 silly addNameRange     '0.10.5',
26 silly addNameRange     '0.11.4',
26 silly addNameRange     '0.11.5',
26 silly addNameRange     '0.10.6',
26 silly addNameRange     '0.11.6',
26 silly addNameRange     '0.10.7',
26 silly addNameRange     '0.11.7',
26 silly addNameRange     '0.11.8',
26 silly addNameRange     '0.11.9',
26 silly addNameRange     '0.10.8',
26 silly addNameRange     '0.11.10',
26 silly addNameRange     '0.11.11',
26 silly addNameRange     '0.11.12',
26 silly addNameRange     '0.11.11-dev',
26 silly addNameRange     '0.10.9',
26 silly addNameRange     '0.11.12-dev',
26 silly addNameRange     '0.11.12-dev2',
26 silly addNameRange     '0.11.13',
26 silly addNameRange     '0.11.14',
26 silly addNameRange     '0.12.0',
26 silly addNameRange     '0.10.10',
26 silly addNameRange     '0.12.1',
26 silly addNameRange     '0.12.2',
26 silly addNameRange     '0.12.3',
26 silly addNameRange     '0.12.4',
26 silly addNameRange     '0.12.5',
26 silly addNameRange     '0.12.6',
26 silly addNameRange     '0.12.6-beta-43e6e28',
26 silly addNameRange     '0.12.7',
26 silly addNameRange     '0.12.8',
26 silly addNameRange     '0.12.9',
26 silly addNameRange     '0.12.10',
26 silly addNameRange     '0.12.11',
26 silly addNameRange     '0.12.12',
26 silly addNameRange     '0.12.11-beta-3029418',
26 silly addNameRange     '0.12.13',
26 silly addNameRange     '0.12.14' ] ]
27 verbose addNamed [ 'karma', '0.12.14' ]
28 verbose addNamed [ '0.12.14', '0.12.14' ]
29 silly lockFile 57fd6904-karma-0-12-14 karma@0.12.14
30 verbose lock karma@0.12.14 /Users/patrickellis/.npm/57fd6904-karma-0-12-14.lock
31 silly lockFile 57fd6904-karma-0-12-14 karma@0.12.14
32 silly lockFile 57fd6904-karma-0-12-14 karma@0.12.14
33 silly lockFile cd7961bb-karma karma@
34 silly lockFile cd7961bb-karma karma@
35 silly resolved [ { name: 'karma',
35 silly resolved     description: 'Spectacular Test Runner for JavaScript.',
35 silly resolved     homepage: 'http://karma-runner.github.io/',
35 silly resolved     repository: { type: 'git', url: 'git://github.com/karma-runner/karma.git' },
35 silly resolved     bugs: { url: 'https://github.com/karma-runner/karma/issues' },
35 silly resolved     keywords:
35 silly resolved      [ 'karma',
35 silly resolved        'spectacular',
35 silly resolved        'runner',
35 silly resolved        'karma',
35 silly resolved        'js',
35 silly resolved        'javascript',
35 silly resolved        'testing',
35 silly resolved        'test',
35 silly resolved        'remote',
35 silly resolved        'execution' ],
35 silly resolved     author: { name: 'Vojta Jína', email: 'vojta.jina@gmail.com' },
35 silly resolved     contributors:
35 silly resolved      [ [Object],
35 silly resolved        [Object],
35 silly resolved        [Object],
35 silly resolved        [Object],
35 silly resolved        [Object],
35 silly resolved        [Object],
35 silly resolved        [Object],
35 silly resolved        [Object],
35 silly resolved        [Object],
35 silly resolved        [Object],
35 silly resolved        [Object],
35 silly resolved        [Object],
35 silly resolved        [Object],
35 silly resolved        [Object],
35 silly resolved        [Object],
35 silly resolved        [Object],
35 silly resolved        [Object],
35 silly resolved        [Object],
35 silly resolved        [Object],
35 silly resolved        [Object],
35 silly resolved        [Object],
35 silly resolved        [Object],
35 silly resolved        [Object],
35 silly resolved        [Object],
35 silly resolved        [Object],
35 silly resolved        [Object],
35 silly resolved        [Object],
35 silly resolved        [Object],
35 silly resolved        [Object],
35 silly resolved        [Object],
35 silly resolved        [Object],
35 silly resolved        [Object],
35 silly resolved        [Object],
35 silly resolved        [Object],
35 silly resolved        [Object],
35 silly resolved        [Object],
35 silly resolved        [Object],
35 silly resolved        [Object],
35 silly resolved        [Object],
35 silly resolved        [Object],
35 silly resolved        [Object],
35 silly resolved        [Object],
35 silly resolved        [Object],
35 silly resolved        [Object],
35 silly resolved        [Object],
35 silly resolved        [Object],
35 silly resolved        [Object],
35 silly resolved        [Object],
35 silly resolved        [Object],
35 silly resolved        [Object],
35 silly resolved        [Object],
35 silly resolved        [Object],
35 silly resolved        [Object],
35 silly resolved        [Object],
35 silly resolved        [Object],
35 silly resolved        [Object],
35 silly resolved        [Object],
35 silly resolved        [Object],
35 silly resolved        [Object],
35 silly resolved        [Object],
35 silly resolved        [Object],
35 silly resolved        [Object],
35 silly resolved        [Object],
35 silly resolved        [Object],
35 silly resolved        [Object],
35 silly resolved        [Object],
35 silly resolved        [Object],
35 silly resolved        [Object],
35 silly resolved        [Object],
35 silly resolved        [Object],
35 silly resolved        [Object],
35 silly resolved        [Object],
35 silly resolved        [Object],
35 silly resolved        [Object],
35 silly resolved        [Object],
35 silly resolved        [Object],
35 silly resolved        [Object],
35 silly resolved        [Object],
35 silly resolved        [Object],
35 silly resolved        [Object],
35 silly resolved        [Object],
35 silly resolved        [Object],
35 silly resolved        [Object],
35 silly resolved        [Object],
35 silly resolved        [Object],
35 silly resolved        [Object],
35 silly resolved        [Object],
35 silly resolved        [Object],
35 silly resolved        [Object],
35 silly resolved        [Object],
35 silly resolved        [Object],
35 silly resolved        [Object],
35 silly resolved        [Object],
35 silly resolved        [Object],
35 silly resolved        [Object],
35 silly resolved        [Object],
35 silly resolved        [Object],
35 silly resolved        [Object],
35 silly resolved        [Object],
35 silly resolved        [Object],
35 silly resolved        [Object] ],
35 silly resolved     dependencies:
35 silly resolved      { di: '~0.0.1',
35 silly resolved        'socket.io': '~0.9.13',
35 silly resolved        chokidar: '>=0.8.2',
35 silly resolved        glob: '~3.2.7',
35 silly resolved        minimatch: '~0.2',
35 silly resolved        'http-proxy': '~0.10',
35 silly resolved        optimist: '~0.6.0',
35 silly resolved        rimraf: '~2.2.5',
35 silly resolved        q: '~0.9.7',
35 silly resolved        colors: '~0.6.2',
35 silly resolved        lodash: '~2.4.1',
35 silly resolved        mime: '~1.2.11',
35 silly resolved        log4js: '~0.6.3',
35 silly resolved        useragent: '~2.0.4',
35 silly resolved        'graceful-fs': '~2.0.1',
35 silly resolved        connect: '~2.12.0',
35 silly resolved        'source-map': '~0.1.31' },
35 silly resolved     devDependencies:
35 silly resolved      { grunt: '~0.4',
35 silly resolved        'grunt-simple-mocha': '*',
35 silly resolved        'grunt-contrib-jshint': '~0.7.2',
35 silly resolved        'grunt-contrib-watch': '~0.5.0',
35 silly resolved        'grunt-coffeelint': '~0.0.6',
35 silly resolved        'grunt-npm': '~0.0.1',
35 silly resolved        'grunt-bump': '~0.0.10',
35 silly resolved        'grunt-conventional-changelog': '~1.0.0',
35 silly resolved        'grunt-auto-release': '~0.0.3',
35 silly resolved        'grunt-browserify': '~1.3.0',
35 silly resolved        'load-grunt-tasks': '~0.2.1',
35 silly resolved        mocks: '~0.0.10',
35 silly resolved        which: '~1.0',
35 silly resolved        mocha: '~1.16.2',
35 silly resolved        chai: '~1.8.1',
35 silly resolved        'chai-as-promised': '~4.1.0',
35 silly resolved        sinon: '~1.7.3',
35 silly resolved        'sinon-chai': '~2.4.0',
35 silly resolved        'timer-shim': '~0.3.0',
35 silly resolved        'karma-jasmine': '~0.1.0',
35 silly resolved        'karma-mocha': '*',
35 silly resolved        'karma-qunit': '*',
35 silly resolved        'karma-coverage': '*',
35 silly resolved        'karma-requirejs': '*',
35 silly resolved        'karma-commonjs': '*',
35 silly resolved        'karma-growl-reporter': '*',
35 silly resolved        'karma-junit-reporter': '*',
35 silly resolved        'karma-chrome-launcher': '*',
35 silly resolved        'karma-firefox-launcher': '*',
35 silly resolved        'karma-sauce-launcher': '*',
35 silly resolved        'karma-phantomjs-launcher': '*',
35 silly resolved        'karma-ng-scenario': '*',
35 silly resolved        'karma-coffee-preprocessor': '*',
35 silly resolved        'karma-live-preprocessor': '*',
35 silly resolved        'karma-html2js-preprocessor': '*',
35 silly resolved        'karma-browserstack-launcher': '*',
35 silly resolved        LiveScript: '~1.2.0',
35 silly resolved        'coffee-errors': '~0.8.6',
35 silly resolved        'coffee-script': '~1.6',
35 silly resolved        'grunt-jscs-checker': '~0.4.0' },
35 silly resolved     main: './lib/index',
35 silly resolved     bin: {},
35 silly resolved     engines: { node: '~0.8 || ~0.10' },
35 silly resolved     version: '0.12.14',
35 silly resolved     license: 'MIT',
35 silly resolved     readme: '# Karma [![Build Status](https://secure.travis-ci.org/karma-runner/karma.png?branch=master)](http://travis-ci.org/karma-runner/karma) [![Dependency Status](https://david-dm.org/karma-runner/karma.png)](https://david-dm.org/karma-runner/karma) [![devDependency Status](https://david-dm.org/karma-runner/karma/dev-status.png)](https://david-dm.org/karma-runner/karma#info=devDependencies)\n\nA simple tool that allows you to execute JavaScript code in multiple\n_real_ browsers.\n\n> The main purpose of Karma is to make your TDD development easy,\n>  fast, and fun.\n\n\n## When should I use Karma?\n\n* You want to test code in *real* browsers.\n* You want to test code in multiple browsers (desktop, mobile,\n  tablets, etc.).\n* You want to execute your tests locally during development.\n* You want to execute your tests on a continuous integration server.\n* You want to execute your tests on every save.\n* You love your terminal.\n* You don\'t want your (testing) life to suck.\n* You want to use [Istanbul] to automagically generate coverage\n  reports.\n* You want to use [RequireJS] for your source files.\n\n\n## But I still want to use \\_insert testing library\\_\n\nKarma is not a testing framework, neither an assertion library.\nKarma just launches a HTTP server, and generates the test runner HTML file you probably already know from your favourite testing framework.\nSo for testing purposes you can use pretty much anything you like. There are already plugins for most of the common testing frameworks:\n\n* [Jasmine]\n* [Mocha]\n* [QUnit]\n* and [many others](https://www.npmjs.org/browse/keyword/karma-adapter)\n\nIf you can\'t find an adapter for your favourite framework, don\'t worry and write your own.\nIt\'s not that hard and we are here to help.\n\n\n## Which Browsers can I use?\n\nAll the major browsers are supported, if you want to know more see the\n[browsers] page.\n\n\n## Troubleshooting\nSee [FAQ](http://karma-runner.github.io/0.12/intro/faq.html).\n\n\n## I want to use it. Where do I sign?\n\nYou don\'t need to sign anything but here are some resources to help\nyou to get started...\n\n\n### Obligatory Screencast.\n\nEvery serious project has a screencast, so here is ours.  Just click\n[here] and let the show begin.\n\n\n### Installation.\n\nSee [installation](http://karma-runner.github.io/0.12/intro/installation.html).\n\n\n### Using it.\n\nSee [configuration](http://karma-runner.github.io/0.10/intro/configuration.html).\n\n\n## I still don\'t get it. Where can I get help?\n\n* [Docs]\n* [Mailing List]\n* [Issue Tracker]\n* [@JsKarma] on Twitter\n\n\n## This is so great. I want to help.\n\nPlease, see\n[contributing](http://karma-runner.github.io/0.12/dev/contributing.html).\n\n\n## Why did you create this?\n\nThroughout the development of [AngularJS], we\'ve been using [JSTD] for\ntesting. I really think that JSTD is a great idea. Unfortunately, we\nhad many problems with JSTD, so we decided to write our own test\nrunner based on the same idea. We wanted a simple tool just for\nexecuting JavaScript tests that is both stable and fast. That\'s why we\nuse the awesome [Socket.io] library and [Node.js].\n\n\n## My boss wants a license. So where is it?\n[MIT License](https://raw.github.com/karma-runner/karma/master/LICENSE)\n\n\n[AngularJS]: http://angularjs.org/\n[JSTD]: http://code.google.com/p/js-test-driver/\n[Socket.io]: http://socket.io/\n[Node.js]: http://nodejs.org/\n[Jasmine]: https://github.com/karma-runner/karma-jasmine\n[Mocha]: https://github.com/karma-runner/karma-mocha\n[QUnit]: https://github.com/karma-runner/karma-qunit\n[here]: http://www.youtube.com/watch?v=MVw8N3hTfCI\n[Mailing List]: https://groups.google.com/forum/#!forum/karma-users\n[Issue Tracker]: https://github.com/karma-runner/karma/issues\n[@JsKarma]: http://twitter.com/JsKarma\n[RequireJS]: http://requirejs.org/\n[Istanbul]: https://github.com/gotwarlost/istanbul\n\n[browsers]: http://karma-runner.github.io/0.8/config/browsers.html\n[Docs]: http://karma-runner.github.io\n',
35 silly resolved     readmeFilename: 'README.md',
35 silly resolved     _id: 'karma@0.12.14',
35 silly resolved     _from: 'karma@' } ]
36 info install karma@0.12.14 into /usr/local/lib
37 info installOne karma@0.12.14
38 info /usr/local/lib/node_modules/karma unbuild
39 info preuninstall karma@0.12.14
40 info uninstall karma@0.12.14
41 verbose true,/usr/local/lib/node_modules,/usr/local/lib/node_modules unbuild karma@0.12.14
42 verbose /usr/local/bin,[object Object] binRoot
43 info postuninstall karma@0.12.14
44 info /usr/local/lib/node_modules/karma unbuild
45 info preuninstall karma@0.12.14
46 info uninstall karma@0.12.14
47 verbose true,/usr/local/lib/node_modules,/usr/local/lib/node_modules unbuild karma@0.12.14
48 verbose /usr/local/bin,[object Object] binRoot
49 info postuninstall karma@0.12.14
50 error error rolling back Error: EACCES, unlink '/usr/local/lib/node_modules/karma'
50 error error rolling back  karma@0.12.14 { [Error: EACCES, unlink '/usr/local/lib/node_modules/karma']
50 error error rolling back   errno: 3,
50 error error rolling back   code: 'EACCES',
50 error error rolling back   path: '/usr/local/lib/node_modules/karma' }
51 error Error: EACCES, unlink '/usr/local/lib/node_modules/karma'
51 error  { [Error: EACCES, unlink '/usr/local/lib/node_modules/karma']
51 error   errno: 3,
51 error   code: 'EACCES',
51 error   path: '/usr/local/lib/node_modules/karma' }
52 error Please try running this command again as root/Administrator.
53 error System Darwin 13.1.0
54 error command "node" "/usr/local/bin/npm" "install" "-g" "karma"
55 error cwd /Users/patrickellis/Documents/webdev/GHCS-Website_MEAN
56 error node -v v0.10.25
57 error npm -v 1.3.24
58 error path /usr/local/lib/node_modules/karma
59 error code EACCES
60 error errno 3
61 error stack Error: EACCES, unlink '/usr/local/lib/node_modules/karma'
62 verbose exit [ 3, true ]
